<?xml version="1.0" encoding="UTF-8"?>
<!-- Generated by org.testng.reporters.JUnitReportReporter -->
<testsuite skipped="0" hostname="RP" name="api_debug.APIDemoAppBasics" tests="1" failures="0" timestamp="2022-02-05T19:26:49 IST" time="27.964" errors="0">
  <testcase name="apiDemoApp" time="27.964" classname="api_debug.APIDemoAppBasics"/>
  <system-out/>
</testsuite> <!-- api_debug.APIDemoAppBasics -->
