<?xml version="1.0" encoding="UTF-8"?>
<!-- Generated by org.testng.reporters.JUnitReportReporter -->
<testsuite skipped="0" hostname="RP" name="eCommerceApp.TC5" tests="1" failures="0" timestamp="2022-02-05T11:00:42 IST" time="53.082" errors="0">
  <testcase name="test1" time="53.082" classname="eCommerceApp.TC5"/>
  <system-out/>
</testsuite> <!-- eCommerceApp.TC5 -->
