<?xml version="1.0" encoding="UTF-8"?>
<!-- Generated by org.testng.reporters.JUnitReportReporter -->
<testsuite skipped="0" hostname="RP" name="api_debug.APIDemoAppBasics" tests="1" failures="0" timestamp="05 Feb 2022 13:36:59 GMT" time="21.557" errors="0">
  <testcase name="apiDemoApp" time="21.557" classname="api_debug.APIDemoAppBasics"/>
</testsuite> <!-- api_debug.APIDemoAppBasics -->
