<?xml version="1.0" encoding="UTF-8"?>
<!-- Generated by org.testng.reporters.JUnitReportReporter -->
<testsuite skipped="0" hostname="RP" name="eCommerceApp.TC5" tests="1" failures="0" timestamp="05 Feb 2022 13:36:59 GMT" time="46.484" errors="0">
  <testcase name="test1" time="46.484" classname="eCommerceApp.TC5"/>
</testsuite> <!-- eCommerceApp.TC5 -->
